<?xml version="1.0" encoding="utf-8" standalone="no"?>
<test-run id="2" testcasecount="1" result="Failed" total="1" passed="0" failed="1" inconclusive="0" skipped="0" asserts="0" engine-version="3.0.5813.39036" clr-version="4.0.30319.42000" start-time="2015-12-25 11:00:53Z" end-time="2015-12-25 11:01:04Z" duration="11.133104">
  <command-line><![CDATA[D:\GitHubSource\ES_SeleniumSolution\ES_SeleniumTestProject\bin\Debug\tools\nunit3-console.exe  ES_SeleniumTestProject.dll]]></command-line>
  <test-suite type="Assembly" id="0-1002" name="ES_SeleniumTestProject.dll" fullname="D:\GitHubSource\ES_SeleniumSolution\ES_SeleniumTestProject\bin\Debug\ES_SeleniumTestProject.dll" runstate="Runnable" testcasecount="1" result="Failed" site="Child" start-time="2015-12-25 11:00:53Z" end-time="2015-12-25 11:01:04Z" duration="11.071841" total="1" passed="0" failed="1" inconclusive="0" skipped="0" asserts="0">
    <environment framework-version="3.0.5813.39031" clr-version="4.0.30319.42000" os-version="Microsoft Windows NT 6.1.7601 Service Pack 1" platform="Win32NT" cwd="D:\GitHubSource\ES_SeleniumSolution\ES_SeleniumTestProject\bin\Debug" machine-name="LENASUS" user="а" user-domain="LENASUS" culture="ru-RU" uiculture="ru-RU" os-architecture="x64" />
    <settings>
      <setting name="WorkDirectory" value="D:\GitHubSource\ES_SeleniumSolution\ES_SeleniumTestProject\bin\Debug" />
      <setting name="NumberOfTestWorkers" value="4" />
    </settings>
    <properties>
      <property name="_PID" value="13008" />
      <property name="_APPDOMAIN" value="test-domain-" />
    </properties>
    <failure>
      <message><![CDATA[One or more child tests had errors]]></message>
    </failure>
    <test-suite type="TestSuite" id="0-1003" name="YouTubeTests" fullname="YouTubeTests" runstate="Runnable" testcasecount="1" result="Failed" site="Child" start-time="2015-12-25 11:00:53Z" end-time="2015-12-25 11:01:04Z" duration="11.063010" total="1" passed="0" failed="1" inconclusive="0" skipped="0" asserts="0">
      <failure>
        <message><![CDATA[One or more child tests had errors]]></message>
      </failure>
      <test-suite type="TestFixture" id="0-1000" name="YouTubeTest" fullname="YouTubeTests.YouTubeTest" classname="YouTubeTests.YouTubeTest" runstate="Runnable" testcasecount="1" result="Failed" site="Child" start-time="2015-12-25 11:00:53Z" end-time="2015-12-25 11:01:04Z" duration="11.060706" total="1" passed="0" failed="1" inconclusive="0" skipped="0" asserts="0">
        <failure>
          <message><![CDATA[One or more child tests had errors]]></message>
        </failure>
        <test-case id="0-1001" name="YouTubeUploadTest" fullname="YouTubeTests.YouTubeTest.YouTubeUploadTest" methodname="YouTubeUploadTest" classname="YouTubeTests.YouTubeTest" runstate="Runnable" seed="798259755" result="Failed" label="Error" start-time="2015-12-25 11:00:53Z" end-time="2015-12-25 11:01:04Z" duration="11.050267" asserts="0">
          <failure>
            <message><![CDATA[System.NullReferenceException : Ссылка на объект не указывает на экземпляр объекта.]]></message>
            <stack-trace><![CDATA[   в OpenQA.Selenium.Support.UI.ExpectedConditions.<>c__DisplayClass3b.<ElementToBeClickable>b__3a(IWebDriver driver)
   в OpenQA.Selenium.Support.UI.DefaultWait`1.Until[TResult](Func`2 condition)
   в YouTubeTests.YouTubeTest.EnterPasswordAndSignIn(String paswd) в D:\VSSourceControl\MyTestRepo\ES_SeleniumSolution\ES_SeleniumTestProject\YouTubeTest1.cs:строка 108
   в YouTubeTests.YouTubeTest.YouTubeLogin(String email, String paswd) в D:\VSSourceControl\MyTestRepo\ES_SeleniumSolution\ES_SeleniumTestProject\YouTubeTest1.cs:строка 63
   в YouTubeTests.YouTubeTest.YouTubeUploadTest() в D:\VSSourceControl\MyTestRepo\ES_SeleniumSolution\ES_SeleniumTestProject\YouTubeTest1.cs:строка 42]]></stack-trace>
          </failure>
        </test-case>
      </test-suite>
    </test-suite>
  </test-suite>
</test-run>